[10:31:25] [main/INFO]: Loading Minecraft 1.19.2 with Fabric Loader 0.15.11
[10:31:25] [main/INFO]: Loading 4 mods:
	- fabricloader 0.15.11+local
	   \-- mixinextras 0.3.5
	- java 21
	- minecraft 1.19.2
[10:31:25] [main/INFO]: SpongePowered MIXIN Subsystem Version=0.8.5 Source=file:/home/launcher/server/libraries/net/fabricmc/sponge-mixin/0.13.3+mixin.0.8.5/sponge-mixin-0.13.3+mixin.0.8.5.jar Service=Knot/Fabric Env=SERVER
[10:31:31] [main/INFO]: Building unoptimized datafixer
[10:31:35] [main/INFO]: Loaded 7 recipes
[10:31:36] [main/INFO]: Loaded 1179 advancements
[10:31:37] [Server thread/INFO]: Starting minecraft server version 1.19.2
[10:31:37] [Server thread/INFO]: Loading properties
[10:31:37] [Server thread/INFO]: Default game type: SURVIVAL
[10:31:37] [Server thread/INFO]: Generating keypair
[10:31:37] [Server thread/INFO]: Starting Minecraft server on *:25565
[10:31:37] [Server thread/INFO]: Using epoll channel type
[10:31:37] [Server thread/INFO]: Preparing level "world"
[10:31:49] [Server thread/INFO]: Preparing start region for dimension minecraft:overworld
[10:31:56] [Worker-Main-1/INFO]: Preparing spawn area: 0%
[10:31:56] [Worker-Main-1/INFO]: Preparing spawn area: 0%
[10:31:56] [Worker-Main-1/INFO]: Preparing spawn area: 0%
[10:31:56] [Worker-Main-1/INFO]: Preparing spawn area: 0%
[10:31:56] [Worker-Main-1/INFO]: Preparing spawn area: 0%
[10:31:56] [Worker-Main-1/INFO]: Preparing spawn area: 0%
[10:31:56] [Worker-Main-1/INFO]: Preparing spawn area: 0%
[10:31:56] [Worker-Main-1/INFO]: Preparing spawn area: 0%
[10:31:56] [Worker-Main-1/INFO]: Preparing spawn area: 0%
[10:31:56] [Worker-Main-1/INFO]: Preparing spawn area: 0%
[10:31:56] [Worker-Main-1/INFO]: Preparing spawn area: 0%
[10:31:56] [Worker-Main-1/INFO]: Preparing spawn area: 0%
[10:31:56] [Worker-Main-1/INFO]: Preparing spawn area: 0%
[10:31:56] [Worker-Main-1/INFO]: Preparing spawn area: 0%
[10:31:56] [Worker-Main-1/INFO]: Preparing spawn area: 0%
[10:31:56] [Worker-Main-1/INFO]: Preparing spawn area: 0%
[10:31:57] [Worker-Main-1/INFO]: Preparing spawn area: 0%
[10:31:57] [Worker-Main-1/INFO]: Preparing spawn area: 0%
[10:31:58] [Worker-Main-1/INFO]: Preparing spawn area: 0%
[10:31:59] [Worker-Main-1/INFO]: Preparing spawn area: 0%
[10:31:59] [Worker-Main-1/INFO]: Preparing spawn area: 0%
[10:31:59] [Worker-Main-1/INFO]: Preparing spawn area: 11%
[10:32:00] [Server thread/INFO]: Time elapsed: 11344 ms
[10:32:00] [Server thread/INFO]: Done (22.881s)! For help, type "help"
